---------------------------------------------------
M.U.G.E.N ver 1.1.0 Beta 1 P1 (2013.08.11) status log
---------------------------------------------------
Parsing command line...
Command line: Z:\home\fl4v10\mugen\mugen.exe
Parse command line OK
Initializing...
Allocating game variables
Reading configuration file...Setting language "en".
OK
Initializing timer...performance timer enabled...frequency 10000000...OK
Initializing keyboard...configuring...OK
Initializing input engine...OK
Initializing sound...OK
Initializing BGM...  OK
Initializing graphics...gameCoord 1280x720...render mode 2_20...trying 1280x720x32 mode 0x0...success...OK
Setting callbacks...OK
Initializing font...OK
Initializing game variables...OK
Session RNG seed is 1703344911
Loading system fonts...OK
Loading options...
Initializing pads...failed
Reinitializing input engine...OK
Remapping keys...OK
Reinitializing input engine...OK
Options loaded OK
Loading system...
  Load system file system.def...OK
  Load system spr...OK
  Load system snd...OK
  Load system fonts...OK
  Load system anim...OK
  Load [Title Info]...OK
  Load [Option Info]...OK
  Load [Select Info]...OK
  Load [VS Screen]...OK
  Load [Victory Screen]...OK
  Load [Demo Mode]...OK
  Load [Continue Screen]...OK
  Load [Game Over Screen]...OK
  Load [Win Screen]...OK
  Load [Survival Results Screen]...OK
  Load [Default Ending]...OK
  Load [End Credits]...OK
  Load TitleBG...VersusBG...VictoryBG...SelectBG...OptionBG...OK
  Loading fight data
    Opening fight data file data/mugen1/fight.def...OK
    Reading [Files]...OK
    Loading fonts...OK
    Load fight anim...OK
    Reading [Lifebar]...[Turns Lifebar]...[Simul Lifebar]...[Powerbar]...
    [Face]...[Simul Face]...[Turns Face]...
    [Name]...[Simul Name]...[Turns Name]...
    [Time]...[Combo]...[Round]...[WinIcon]...OK
    Allocating explods...OK
  Fight data loaded OK
Lua initing
Lua init complete
System loaded OK
Initialize OK
Set up graphics...timer...OK

Entering gameflow loop
Gameflow 0
Gameflow 1
Gameflow 2
Initializing character info...OK
Initializing select screen...finding characters...OK
Gameflow 3
Gameflow 4
Entering mode select.
Unloading match assets
Freeing players
Game loop init
Mode select init
End of mode select loop
Game loop deinit
Gameflow 6
Reset persist vars team 0
Reset persist vars team 1
Gameflow 7
Entering character select.
Unloading match assets
Freeing players
Game loop init
Unreserved all palettes
Charsel init
Game loop deinit
Canceled character select.
Gameflow 4
Entering mode select.
Unloading match assets
Freeing players
Game loop init
Mode select init
End of mode select loop
Game loop deinit
Gameflow 5
Entering options screen.
Unloading match assets
Freeing players
Game loop init
Options screen init
Config keys menu
Setting up input
Remapping keys...OK
Reinitializing input engine...OK
Return from config keys menu
End of options screen loop
Game loop deinit
Gameflow 4
Entering mode select.
Unloading match assets
Freeing players
Game loop init
Mode select init
End of mode select loop
Game loop deinit
Gameflow 6
Reset persist vars team 0
Reset persist vars team 1
Gameflow 7
Entering character select.
Unloading match assets
Freeing players
Game loop init
Unreserved all palettes
Charsel init
Selected char 2 on teamslot 0.0
Char Springtrap.def (2) request pal 0 FFF (FFF) -> reserved 0 (FFE)
Selected char 0 on teamslot 1.0
Char kfm.def (0) request pal 3 3F (3F) -> reserved 3 (37)
End of charsel loop
Game loop deinit
Gameflow 8
Gameflow 9
Gameflow 10
Entering versus screen.
Unloading match assets
Freeing players
Game loop init
Versus screen init
End of versus screen loop
Game loop deinit
Gameflow 11
Loading match assets...
Loading stage...
  Loading BG...OK
Stage loaded OK
Setting game resolution 1280x960...OK
  Allocating helpers...OK
Match RNG seed: 81300206
Reset persist vars team 0
Reset persist vars team 1
Loading character chars/Springtrap/Springtrap.def...
  Loading info...OK
  Loading cmd command set Springtrap.cmd...OK
  Loading cns Springtrap.cns...OK
  Loading cns AI.dat...OK
  Loading cns Skills.cns...OK
  Loading cns Ultimate.cns...OK
  Loading cns Misc.cns...OK
  Loading cmd state entry Springtrap.cmd...OK
  Loading common states common1.dll...OK
  Loading sff Springtrap.sff...OK
  Loading anim Springtrap.air...OK
  Loading snd Springtrap.snd...OK
  Loading pals...OK
  20521 expressions (5101 on trigger lines)
Character Springtrap.def loaded OK
New char Springtrap loaded into cache: (1/4 cached) Load time: 1070.000ms
Loading character chars/kfm/kfm.def...
  Loading info...OK
  Loading cmd command set kfm.cmd...OK
  Loading cns kfm.cns...OK
  Loading cmd state entry kfm.cmd...OK
  Loading common states common1.cns...OK
  Loading sff kfm.sff...OK
  Loading anim kfm.air...OK
  Loading snd kfm.snd...OK
  Loading pals...OK
  Loading learned AI kfm.ai...OK
  3012 expressions (979 on trigger lines)
Character kfm.def loaded OK
New char Kung Fu Man loaded into cache: (2/4 cached) Load time: 40.000ms
Resetting round
Match assets initialized OK
Game loop init
Match loop init
CloseWindow event forced common loop quit.
End of match loop
Total time: 96.75s
Total frames: 5806 	Skipped frames: 0
Avg game rate: 60.01
Avg frame rate: 60.01

Finishing match
Freeing players
Save persist vars P56 Springtrap
Player Springtrap cache count reduced: 0
Save persist vars P57 Kung Fu Man
Player Kung Fu Man cache count reduced: 0
Match RNG closed
Game loop deinit
Gameflow 6
Reset persist vars team 0
Reset persist vars team 1
Gameflow 7
Entering character select.
Setting game resolution 1280x720...OK
Unloading match assets
Freeing players
Unloading stage...OK
Game loop init
Unreserved all palettes
Charsel init
Game loop deinit
Canceled character select.
Gameflow 4
Entering mode select.
Unloading match assets
Freeing players
Game loop init
Mode select init
End of mode select loop
Game loop deinit
Returned from gameflow loop
Deinitializing...
Frames      : 8154
Time elapsed: 208.440 sec
ticks: 20844, tps: 100, start 41, end 20885

Unloading match assets
Freeing players
Clearing player cache...Freeing player RC Kung Fu Man...CMD...CNS...SFF...AIR...SND...Misc...OK
Freeing player RC Springtrap...CMD...CNS...SFF...AIR...SND...Misc...OK
OK
Freeing character info...OK
Freeing select screen...OK
Freeing fight data...OK
Freeing system data...OK
Freeing game variables...Unloading match assets
Freeing players
OK
Deinitializing input...pad...keyboard...OK
Removing callbacks...OK
Deintializing timer...OK
Deinitializing graphics...OK
Deinitializing BGM...OK
Deinitializing sound...OK
Successful program termination.

Log file successfully closed.
